2012-05-18 17:30:27,004 [15064289@qtp-24702933-4] DEBUG com.vegaasen.htpasswd.util.HTPasswdGenerator - Using MD5 + SALT
2012-05-18 17:33:10,390 [15064289@qtp-24702933-4] INFO  com.vegaasen.htpasswd.util.HTPasswdGenerator - Hashing complete. Returning result <MD5>
2012-05-18 17:37:10,796 [4470681@qtp-9402691-0] DEBUG com.vegaasen.htpasswd.util.HTPasswdGenerator - Using MD5 + SALT
2012-05-18 17:38:15,366 [4470681@qtp-9402691-0] INFO  com.vegaasen.htpasswd.util.HTPasswdGenerator - Hashing complete. Returning result <MD5>
2012-05-18 17:39:26,185 [4470681@qtp-9402691-0] DEBUG com.vegaasen.htpasswd.util.HTPasswdGenerator - Using MD5 + SALT
2012-05-18 17:39:26,185 [4470681@qtp-9402691-0] INFO  com.vegaasen.htpasswd.util.HTPasswdGenerator - Hashing complete. Returning result <MD5>
2012-05-18 17:50:35,912 [23057161@qtp-21307317-0] DEBUG com.vegaasen.htpasswd.util.HTPasswdGenerator - Using MD5 + SALT
2012-05-18 17:51:45,466 [23057161@qtp-21307317-0] DEBUG com.vegaasen.htpasswd.util.HTPasswdGenerator - Hashing complete. Returning result <MD5>: 5b6cf6768cb70d12de260193f2ea992c
2012-05-20 12:55:52,906 [14191266@qtp-31382341-3] WARN  org.springframework.web.servlet.PageNotFound - No mapping found for HTTP request with URI [/app/app/generator/] in DispatcherServlet with name 'app'
2012-05-20 12:55:53,718 [14191266@qtp-31382341-3] WARN  org.springframework.web.servlet.PageNotFound - No mapping found for HTTP request with URI [/app/app/generator/] in DispatcherServlet with name 'app'
2012-05-20 12:55:56,697 [14191266@qtp-31382341-3] WARN  org.springframework.web.servlet.PageNotFound - No mapping found for HTTP request with URI [/app/WEB-INF/jsp/generator.jsp] in DispatcherServlet with name 'app'
2012-05-20 12:55:59,821 [14191266@qtp-31382341-3] WARN  org.springframework.web.servlet.PageNotFound - No mapping found for HTTP request with URI [/app/WEB-INF/jsp/generator.jsp] in DispatcherServlet with name 'app'
2012-05-20 12:57:07,492 [32628960@qtp-15568565-3] WARN  org.springframework.web.servlet.PageNotFound - No mapping found for HTTP request with URI [/app/generator/css/site.css] in DispatcherServlet with name 'app'
2012-05-20 12:57:07,492 [8354135@qtp-15568565-2] WARN  org.springframework.web.servlet.PageNotFound - No mapping found for HTTP request with URI [/app/generator/css/fonts.css] in DispatcherServlet with name 'app'
2012-05-20 12:57:07,497 [8354135@qtp-15568565-2] WARN  org.springframework.web.servlet.PageNotFound - No mapping found for HTTP request with URI [/app/generator/js/jquery/jq.zclip.js] in DispatcherServlet with name 'app'
2012-05-20 12:57:07,517 [32628960@qtp-15568565-3] WARN  org.springframework.web.servlet.PageNotFound - No mapping found for HTTP request with URI [/app/generator/js/jquery/jq-min.js] in DispatcherServlet with name 'app'
2012-05-20 12:57:07,520 [8354135@qtp-15568565-2] WARN  org.springframework.web.servlet.PageNotFound - No mapping found for HTTP request with URI [/app/generator/js/startup/startup.js] in DispatcherServlet with name 'app'
2012-05-20 12:57:49,292 [12534898@qtp-15568565-5] WARN  org.springframework.web.servlet.PageNotFound - No mapping found for HTTP request with URI [/app/generator/css/site.css] in DispatcherServlet with name 'app'
2012-05-20 12:57:49,350 [12534898@qtp-15568565-5] WARN  org.springframework.web.servlet.PageNotFound - No mapping found for HTTP request with URI [/app/generator/js/jquery/jq-min.js] in DispatcherServlet with name 'app'
2012-05-20 12:57:49,381 [12534898@qtp-15568565-5] WARN  org.springframework.web.servlet.PageNotFound - No mapping found for HTTP request with URI [/app/generator/js/jquery/jq.zclip.js] in DispatcherServlet with name 'app'
2012-05-20 12:57:49,400 [898456@qtp-15568565-4] WARN  org.springframework.web.servlet.PageNotFound - No mapping found for HTTP request with URI [/app/generator/js/startup/startup.js] in DispatcherServlet with name 'app'
2012-05-20 12:57:59,760 [898456@qtp-15568565-4] WARN  org.springframework.web.servlet.PageNotFound - No mapping found for HTTP request with URI [/app/generator/css/site.css] in DispatcherServlet with name 'app'
2012-05-20 12:57:59,761 [12534898@qtp-15568565-5] WARN  org.springframework.web.servlet.PageNotFound - No mapping found for HTTP request with URI [/app/generator/js/jquery/jq-min.js] in DispatcherServlet with name 'app'
2012-05-20 12:57:59,765 [12534898@qtp-15568565-5] WARN  org.springframework.web.servlet.PageNotFound - No mapping found for HTTP request with URI [/app/generator/js/jquery/jq.zclip.js] in DispatcherServlet with name 'app'
2012-05-20 12:57:59,768 [12534898@qtp-15568565-5] WARN  org.springframework.web.servlet.PageNotFound - No mapping found for HTTP request with URI [/app/generator/js/startup/startup.js] in DispatcherServlet with name 'app'
2012-05-20 12:58:05,429 [12534898@qtp-15568565-5] WARN  org.springframework.web.servlet.PageNotFound - No mapping found for HTTP request with URI [/app/generator/js/jquery/jq-min.js] in DispatcherServlet with name 'app'
2012-05-20 12:58:05,432 [12534898@qtp-15568565-5] WARN  org.springframework.web.servlet.PageNotFound - No mapping found for HTTP request with URI [/app/generator/js/jquery/jq.zclip.js] in DispatcherServlet with name 'app'
2012-05-20 12:58:05,444 [898456@qtp-15568565-4] WARN  org.springframework.web.servlet.PageNotFound - No mapping found for HTTP request with URI [/app/generator/js/startup/startup.js] in DispatcherServlet with name 'app'
2012-05-20 12:58:08,523 [898456@qtp-15568565-4] WARN  org.springframework.web.servlet.PageNotFound - No mapping found for HTTP request with URI [/app/generator/js/jquery/jq-min.js] in DispatcherServlet with name 'app'
2012-05-20 12:58:08,524 [8354135@qtp-15568565-2] WARN  org.springframework.web.servlet.PageNotFound - No mapping found for HTTP request with URI [/app/generator/js/jquery/jq.zclip.js] in DispatcherServlet with name 'app'
2012-05-20 12:58:08,526 [12534898@qtp-15568565-5] WARN  org.springframework.web.servlet.PageNotFound - No mapping found for HTTP request with URI [/app/generator/js/startup/startup.js] in DispatcherServlet with name 'app'
2012-05-20 12:58:08,996 [8354135@qtp-15568565-2] WARN  org.springframework.web.servlet.PageNotFound - No mapping found for HTTP request with URI [/app/generator/js/jquery/jq-min.js] in DispatcherServlet with name 'app'
2012-05-20 12:58:09,003 [8354135@qtp-15568565-2] WARN  org.springframework.web.servlet.PageNotFound - No mapping found for HTTP request with URI [/app/generator/js/jquery/jq.zclip.js] in DispatcherServlet with name 'app'
2012-05-20 12:58:09,011 [8354135@qtp-15568565-2] WARN  org.springframework.web.servlet.PageNotFound - No mapping found for HTTP request with URI [/app/generator/js/startup/startup.js] in DispatcherServlet with name 'app'
2012-05-20 12:58:09,170 [8354135@qtp-15568565-2] WARN  org.springframework.web.servlet.PageNotFound - No mapping found for HTTP request with URI [/app/generator/js/jquery/jq-min.js] in DispatcherServlet with name 'app'
2012-05-20 12:58:09,175 [8354135@qtp-15568565-2] WARN  org.springframework.web.servlet.PageNotFound - No mapping found for HTTP request with URI [/app/generator/js/jquery/jq.zclip.js] in DispatcherServlet with name 'app'
2012-05-20 12:58:09,180 [8354135@qtp-15568565-2] WARN  org.springframework.web.servlet.PageNotFound - No mapping found for HTTP request with URI [/app/generator/js/startup/startup.js] in DispatcherServlet with name 'app'
2012-05-20 12:58:16,531 [8354135@qtp-15568565-2] WARN  org.springframework.web.servlet.PageNotFound - No mapping found for HTTP request with URI [/app/generator/js/jquery/jq-min.js] in DispatcherServlet with name 'app'
2012-05-20 12:58:16,537 [12534898@qtp-15568565-5] WARN  org.springframework.web.servlet.PageNotFound - No mapping found for HTTP request with URI [/app/generator/js/startup/startup.js] in DispatcherServlet with name 'app'
2012-05-20 12:58:16,543 [8354135@qtp-15568565-2] WARN  org.springframework.web.servlet.PageNotFound - No mapping found for HTTP request with URI [/app/generator/js/jquery/jq.zclip.js] in DispatcherServlet with name 'app'
2012-05-20 12:58:28,972 [8354135@qtp-15568565-2] WARN  org.springframework.web.servlet.PageNotFound - No mapping found for HTTP request with URI [/app//css/site.css] in DispatcherServlet with name 'app'
2012-05-20 12:58:32,350 [8354135@qtp-15568565-2] WARN  org.springframework.web.servlet.PageNotFound - No mapping found for HTTP request with URI [/app//css/site.css] in DispatcherServlet with name 'app'
2012-05-20 12:58:34,301 [8354135@qtp-15568565-2] WARN  org.springframework.web.servlet.PageNotFound - No mapping found for HTTP request with URI [/app/app/generator/] in DispatcherServlet with name 'app'
2012-05-20 12:58:55,813 [8354135@qtp-15568565-2] WARN  org.springframework.web.servlet.PageNotFound - No mapping found for HTTP request with URI [/app/app/generator/] in DispatcherServlet with name 'app'
2012-05-20 12:59:06,888 [12534898@qtp-15568565-5] WARN  org.springframework.web.servlet.PageNotFound - No mapping found for HTTP request with URI [/app/generator/generator] in DispatcherServlet with name 'app'
2012-05-20 12:59:44,102 [12534898@qtp-15568565-5] DEBUG com.vegaasen.htpasswd.util.HashingDigester - Using CRYPT
2012-05-20 12:59:44,102 [12534898@qtp-15568565-5] DEBUG com.vegaasen.htpasswd.util.HashingDigester - Hashing complete. Returning result <Crypt>
2012-05-20 12:59:46,764 [12534898@qtp-15568565-5] DEBUG com.vegaasen.htpasswd.util.HashingDigester - Using MD5 + SALT
2012-05-20 12:59:46,764 [12534898@qtp-15568565-5] DEBUG com.vegaasen.htpasswd.util.HashingDigester - Hashing complete. Returning result <MD5>: $apr1$94219d0a40746e714d692922c55aa653
2012-05-20 12:59:48,774 [12534898@qtp-15568565-5] DEBUG com.vegaasen.htpasswd.util.HashingDigester - Using SHA-1 with BASE-64
2012-05-20 12:59:48,774 [12534898@qtp-15568565-5] DEBUG com.vegaasen.htpasswd.util.HashingDigester - Hashing complete. Returning result <SHA1>
2012-05-20 12:59:50,869 [12534898@qtp-15568565-5] DEBUG com.vegaasen.htpasswd.util.HashingDigester - Using MD5 + SALT
2012-05-20 12:59:50,869 [12534898@qtp-15568565-5] DEBUG com.vegaasen.htpasswd.util.HashingDigester - Hashing complete. Returning result <MD5>: $apr1$94219d0a40746e714d692922c55aa653
2012-05-20 12:59:52,441 [12534898@qtp-15568565-5] DEBUG com.vegaasen.htpasswd.util.HashingDigester - Using MD5 + SALT
2012-05-20 12:59:52,441 [12534898@qtp-15568565-5] DEBUG com.vegaasen.htpasswd.util.HashingDigester - Hashing complete. Returning result <MD5>: $apr1$94219d0a40746e714d692922c55aa653
2012-05-20 12:59:53,764 [12534898@qtp-15568565-5] DEBUG com.vegaasen.htpasswd.util.HashingDigester - Using CRYPT
2012-05-20 12:59:53,764 [12534898@qtp-15568565-5] DEBUG com.vegaasen.htpasswd.util.HashingDigester - Hashing complete. Returning result <Crypt>
2012-05-20 12:59:55,300 [12534898@qtp-15568565-5] DEBUG com.vegaasen.htpasswd.util.HashingDigester - Using CRYPT
2012-05-20 12:59:55,300 [12534898@qtp-15568565-5] DEBUG com.vegaasen.htpasswd.util.HashingDigester - Hashing complete. Returning result <Crypt>
2012-05-20 12:59:56,898 [12534898@qtp-15568565-5] WARN  org.springframework.web.servlet.PageNotFound - No mapping found for HTTP request with URI [/app/generator/htpasswd_t769765.text] in DispatcherServlet with name 'app'
2012-05-20 13:02:50,613 [10384886@qtp-10097681-0] WARN  org.springframework.web.servlet.PageNotFound - No mapping found for HTTP request with URI [/app/generator/css/fonts.css] in DispatcherServlet with name 'app'
2012-05-20 13:02:50,627 [10384886@qtp-10097681-0] WARN  org.springframework.web.servlet.PageNotFound - No mapping found for HTTP request with URI [/app/generator/css/site.css] in DispatcherServlet with name 'app'
2012-05-20 13:02:50,637 [10384886@qtp-10097681-0] WARN  org.springframework.web.servlet.PageNotFound - No mapping found for HTTP request with URI [/app/generator/js/jquery/jq-min.js] in DispatcherServlet with name 'app'
2012-05-20 13:02:50,646 [10384886@qtp-10097681-0] WARN  org.springframework.web.servlet.PageNotFound - No mapping found for HTTP request with URI [/app/generator/js/jquery/jq.zclip.js] in DispatcherServlet with name 'app'
2012-05-20 13:02:50,649 [10384886@qtp-10097681-0] WARN  org.springframework.web.servlet.PageNotFound - No mapping found for HTTP request with URI [/app/generator/js/startup/startup.js] in DispatcherServlet with name 'app'
2012-05-20 13:04:08,214 [30731957@qtp-22188493-0] WARN  org.springframework.web.servlet.PageNotFound - No mapping found for HTTP request with URI [/app/generator/css/fonts.css] in DispatcherServlet with name 'app'
2012-05-20 13:04:08,221 [7779161@qtp-22188493-2] WARN  org.springframework.web.servlet.PageNotFound - No mapping found for HTTP request with URI [/app/generator/css/site.css] in DispatcherServlet with name 'app'
2012-05-20 13:04:08,223 [6818173@qtp-22188493-4] WARN  org.springframework.web.servlet.PageNotFound - No mapping found for HTTP request with URI [/app/generator/js/jquery/jq-min.js] in DispatcherServlet with name 'app'
2012-05-20 13:04:08,258 [6818173@qtp-22188493-4] WARN  org.springframework.web.servlet.PageNotFound - No mapping found for HTTP request with URI [/app/generator/js/jquery/jq.zclip.js] in DispatcherServlet with name 'app'
2012-05-20 13:04:08,262 [7779161@qtp-22188493-2] WARN  org.springframework.web.servlet.PageNotFound - No mapping found for HTTP request with URI [/app/generator/js/startup/startup.js] in DispatcherServlet with name 'app'
2012-05-20 13:04:09,512 [7779161@qtp-22188493-2] WARN  org.springframework.web.servlet.PageNotFound - No mapping found for HTTP request with URI [/app/generator/css/fonts.css] in DispatcherServlet with name 'app'
2012-05-20 13:04:09,519 [7779161@qtp-22188493-2] WARN  org.springframework.web.servlet.PageNotFound - No mapping found for HTTP request with URI [/app/generator/css/site.css] in DispatcherServlet with name 'app'
2012-05-20 13:04:09,530 [7779161@qtp-22188493-2] WARN  org.springframework.web.servlet.PageNotFound - No mapping found for HTTP request with URI [/app/generator/js/jquery/jq-min.js] in DispatcherServlet with name 'app'
2012-05-20 13:04:09,540 [7779161@qtp-22188493-2] WARN  org.springframework.web.servlet.PageNotFound - No mapping found for HTTP request with URI [/app/generator/js/jquery/jq.zclip.js] in DispatcherServlet with name 'app'
2012-05-20 13:04:09,541 [6818173@qtp-22188493-4] WARN  org.springframework.web.servlet.PageNotFound - No mapping found for HTTP request with URI [/app/generator/js/startup/startup.js] in DispatcherServlet with name 'app'
2012-05-20 13:04:10,426 [30731957@qtp-22188493-0] WARN  org.springframework.web.servlet.PageNotFound - No mapping found for HTTP request with URI [/app/generator/js/jquery/jq-min.js] in DispatcherServlet with name 'app'
2012-05-20 13:04:10,428 [30731957@qtp-22188493-0] WARN  org.springframework.web.servlet.PageNotFound - No mapping found for HTTP request with URI [/app/generator/js/jquery/jq.zclip.js] in DispatcherServlet with name 'app'
2012-05-20 13:04:10,429 [30731957@qtp-22188493-0] WARN  org.springframework.web.servlet.PageNotFound - No mapping found for HTTP request with URI [/app/generator/js/startup/startup.js] in DispatcherServlet with name 'app'
2012-05-20 13:04:10,434 [7779161@qtp-22188493-2] WARN  org.springframework.web.servlet.PageNotFound - No mapping found for HTTP request with URI [/app/generator/css/site.css] in DispatcherServlet with name 'app'
2012-05-20 13:04:10,435 [6818173@qtp-22188493-4] WARN  org.springframework.web.servlet.PageNotFound - No mapping found for HTTP request with URI [/app/generator/css/fonts.css] in DispatcherServlet with name 'app'
2012-05-20 13:04:13,275 [7779161@qtp-22188493-2] WARN  org.springframework.web.servlet.PageNotFound - No mapping found for HTTP request with URI [/app/generator/css/fonts.css] in DispatcherServlet with name 'app'
2012-05-20 13:04:13,277 [7779161@qtp-22188493-2] WARN  org.springframework.web.servlet.PageNotFound - No mapping found for HTTP request with URI [/app/generator/css/site.css] in DispatcherServlet with name 'app'
2012-05-20 13:04:13,281 [30731957@qtp-22188493-0] WARN  org.springframework.web.servlet.PageNotFound - No mapping found for HTTP request with URI [/app/generator/js/jquery/jq.zclip.js] in DispatcherServlet with name 'app'
2012-05-20 13:04:13,283 [7779161@qtp-22188493-2] WARN  org.springframework.web.servlet.PageNotFound - No mapping found for HTTP request with URI [/app/generator/js/jquery/jq-min.js] in DispatcherServlet with name 'app'
2012-05-20 13:04:13,283 [6818173@qtp-22188493-4] WARN  org.springframework.web.servlet.PageNotFound - No mapping found for HTTP request with URI [/app/generator/js/startup/startup.js] in DispatcherServlet with name 'app'
2012-05-20 13:05:00,134 [6818173@qtp-22188493-4] WARN  org.springframework.web.servlet.PageNotFound - No mapping found for HTTP request with URI [/app/generator/generator] in DispatcherServlet with name 'app'
2012-05-20 13:06:58,512 [6818173@qtp-22188493-4] WARN  org.springframework.web.servlet.PageNotFound - No mapping found for HTTP request with URI [/app/generator/generator] in DispatcherServlet with name 'app'
2012-05-20 13:07:51,765 [22210984@qtp-22188493-8] DEBUG com.vegaasen.htpasswd.util.HashingDigester - Using SHA-1 with BASE-64
2012-05-20 13:07:51,765 [22210984@qtp-22188493-8] DEBUG com.vegaasen.htpasswd.util.HashingDigester - Hashing complete. Returning result <SHA1>
2012-05-20 13:07:52,733 [22210984@qtp-22188493-8] DEBUG com.vegaasen.htpasswd.util.HashingDigester - Using CRYPT
2012-05-20 13:07:52,733 [22210984@qtp-22188493-8] DEBUG com.vegaasen.htpasswd.util.HashingDigester - Hashing complete. Returning result <Crypt>
